0 info it worked if it ends with ok
1 verbose cli [ '/usr/bin/node', '/usr/bin/npm', 'install', '-g', 'swagger' ]
2 info using npm@1.4.28
3 info using node@v0.10.37
4 verbose node symlink /usr/bin/node
5 verbose cache add [ 'swagger', null ]
6 verbose cache add name=undefined spec="swagger" args=["swagger",null]
7 verbose parsed url { protocol: null,
7 verbose parsed url   slashes: null,
7 verbose parsed url   auth: null,
7 verbose parsed url   host: null,
7 verbose parsed url   port: null,
7 verbose parsed url   hostname: null,
7 verbose parsed url   hash: null,
7 verbose parsed url   search: null,
7 verbose parsed url   query: null,
7 verbose parsed url   pathname: 'swagger',
7 verbose parsed url   path: 'swagger',
7 verbose parsed url   href: 'swagger' }
8 silly lockFile 273cdd44-swagger swagger
9 verbose lock swagger /home/roman/.npm/273cdd44-swagger.lock
10 silly lockFile 273cdd44-swagger swagger
11 silly lockFile 273cdd44-swagger swagger
12 verbose addNamed [ 'swagger', '' ]
13 verbose addNamed [ null, '*' ]
14 silly lockFile d0b80246-swagger swagger@
15 verbose lock swagger@ /home/roman/.npm/d0b80246-swagger.lock
16 silly addNameRange { name: 'swagger', range: '*', hasData: false }
17 verbose request where is /swagger
18 verbose request registry https://registry.npmjs.org/
19 verbose request id 2c0d7794230bee77
20 verbose url raw /swagger
21 verbose url resolving [ 'https://registry.npmjs.org/', './swagger' ]
22 verbose url resolved https://registry.npmjs.org/swagger
23 verbose request where is https://registry.npmjs.org/swagger
24 info trying registry request attempt 1 at 10:26:25
25 http GET https://registry.npmjs.org/swagger
26 http 200 https://registry.npmjs.org/swagger
27 silly registry.get cb [ 200,
27 silly registry.get   { server: 'CouchDB/1.5.0 (Erlang OTP/R16B03)',
27 silly registry.get     etag: '"3Q8CTR5NLS7FL0MVC18FEOZNR"',
27 silly registry.get     'content-type': 'application/json',
27 silly registry.get     'cache-control': 'max-age=60',
27 silly registry.get     'content-length': '27362',
27 silly registry.get     'accept-ranges': 'bytes',
27 silly registry.get     date: 'Wed, 07 Oct 2015 07:26:26 GMT',
27 silly registry.get     via: '1.1 varnish',
27 silly registry.get     age: '0',
27 silly registry.get     connection: 'keep-alive',
27 silly registry.get     'x-served-by': 'cache-fra1237-FRA',
27 silly registry.get     'x-cache': 'MISS',
27 silly registry.get     'x-cache-hits': '0',
27 silly registry.get     'x-timer': 'S1444202785.988658,VS0,VE343',
27 silly registry.get     vary: 'Accept' } ]
28 silly addNameRange number 2 { name: 'swagger', range: '*', hasData: true }
29 silly addNameRange versions [ 'swagger',
29 silly addNameRange   [ '0.0.1',
29 silly addNameRange     '0.5.1',
29 silly addNameRange     '0.5.2',
29 silly addNameRange     '0.5.3',
29 silly addNameRange     '0.6.0',
29 silly addNameRange     '0.6.1',
29 silly addNameRange     '0.6.2',
29 silly addNameRange     '0.6.3',
29 silly addNameRange     '0.7.0',
29 silly addNameRange     '0.7.1',
29 silly addNameRange     '0.7.2',
29 silly addNameRange     '0.7.3' ] ]
30 verbose addNamed [ 'swagger', '0.7.3' ]
31 verbose addNamed [ '0.7.3', '0.7.3' ]
32 silly lockFile c69c78c4-swagger-0-7-3 swagger@0.7.3
33 verbose lock swagger@0.7.3 /home/roman/.npm/c69c78c4-swagger-0-7-3.lock
34 silly lockFile cce27599-js-org-swagger-swagger-0-7-3-tgz https://registry.npmjs.org/swagger/-/swagger-0.7.3.tgz
35 verbose lock https://registry.npmjs.org/swagger/-/swagger-0.7.3.tgz /home/roman/.npm/cce27599-js-org-swagger-swagger-0-7-3-tgz.lock
36 verbose addRemoteTarball [ 'https://registry.npmjs.org/swagger/-/swagger-0.7.3.tgz',
36 verbose addRemoteTarball   '4b772af24da11d61cb33318f2bbc3b6412acc700' ]
37 info retry fetch attempt 1 at 10:26:26
38 verbose fetch to= /tmp/npm-10806-vFmfyxSt/registry.npmjs.org/swagger/-/swagger-0.7.3.tgz
39 http GET https://registry.npmjs.org/swagger/-/swagger-0.7.3.tgz
40 http 200 https://registry.npmjs.org/swagger/-/swagger-0.7.3.tgz
41 silly lockFile cce27599-js-org-swagger-swagger-0-7-3-tgz https://registry.npmjs.org/swagger/-/swagger-0.7.3.tgz
42 silly lockFile cce27599-js-org-swagger-swagger-0-7-3-tgz https://registry.npmjs.org/swagger/-/swagger-0.7.3.tgz
43 silly lockFile c69c78c4-swagger-0-7-3 swagger@0.7.3
44 silly lockFile c69c78c4-swagger-0-7-3 swagger@0.7.3
45 silly lockFile d0b80246-swagger swagger@
46 silly lockFile d0b80246-swagger swagger@
47 silly resolved [ { name: 'swagger',
47 silly resolved     version: '0.7.3',
47 silly resolved     description: 'The Swagger command-line. Provides Swagger utilities and project lifecycle support.',
47 silly resolved     keywords: [ 'swagger', 'api', 'apis', 'connect', 'express' ],
47 silly resolved     author: { name: 'Scott Ganyo', email: 'sganyo@apigee.com' },
47 silly resolved     license: 'Apache 2.0',
47 silly resolved     preferGlobal: true,
47 silly resolved     main: 'index.js',
47 silly resolved     repository:
47 silly resolved      { type: 'git',
47 silly resolved        url: 'git+https://github.com/swagger-api/swagger-node.git' },
47 silly resolved     dependencies:
47 silly resolved      { async: '^1.2.1',
47 silly resolved        commander: '^2.7.1',
47 silly resolved        connect: '^3.3.5',
47 silly resolved        debug: '^2.1.3',
47 silly resolved        'fs-extra': '^0.24.0',
47 silly resolved        inquirer: '^0.9.0',
47 silly resolved        'js-yaml': '^3.3.0',
47 silly resolved        lodash: '^3.10.0',
47 silly resolved        mocha: '^2.2.1',
47 silly resolved        nodemon: '^1.3.7',
47 silly resolved        'serve-static': '^1.9.2',
47 silly resolved        'swagger-converter': '^0.1.7',
47 silly resolved        'swagger-editor': '^2.9.2',
47 silly resolved        'swagger-test-templates': '^1.2.0',
47 silly resolved        'swagger-tools': '^0.9.0' },
47 silly resolved     devDependencies:
47 silly resolved      { chai: '^3.0.0',
47 silly resolved        'mock-stdin': '^0.3.0',
47 silly resolved        proxyquire: '^1.4.0',
47 silly resolved        should: '^7.1.0',
47 silly resolved        sinon: '^1.15.4',
47 silly resolved        superagent: '^1.1.0',
47 silly resolved        supertest: '^1.1.0',
47 silly resolved        tmp: '^0.0.27',
47 silly resolved        'z-schema': '^3.14.0' },
47 silly resolved     scripts:
47 silly resolved      { test: 'mocha -u exports -R spec test/config.js test/util test/commands test/commands/project test/project-skeletons',
47 silly resolved        coverage: 'istanbul cover _mocha -- -u exports -R spec test/config.js test/util test/commands test/commands/project test/project-skeletons',
47 silly resolved        start: 'node app.js' },
47 silly resolved     bin:
47 silly resolved      { swagger: 'bin/swagger.js',
47 silly resolved        'swagger-project': 'bin/swagger-project.js' },
47 silly resolved     gitHead: '107c7810a612a20a05405dbcf41000f23ec2fdf8',
47 silly resolved     bugs: { url: 'https://github.com/swagger-api/swagger-node/issues' },
47 silly resolved     homepage: 'https://github.com/swagger-api/swagger-node#readme',
47 silly resolved     _id: 'swagger@0.7.3',
47 silly resolved     _shasum: '4b772af24da11d61cb33318f2bbc3b6412acc700',
47 silly resolved     _from: 'swagger@',
47 silly resolved     _npmVersion: '2.14.2',
47 silly resolved     _nodeVersion: '4.0.0',
47 silly resolved     _npmUser: { name: 'scottganyo', email: 'scott@ganyo.com' },
47 silly resolved     maintainers: [ [Object], [Object], [Object] ],
47 silly resolved     dist:
47 silly resolved      { shasum: '4b772af24da11d61cb33318f2bbc3b6412acc700',
47 silly resolved        tarball: 'http://registry.npmjs.org/swagger/-/swagger-0.7.3.tgz' },
47 silly resolved     directories: {},
47 silly resolved     _resolved: 'https://registry.npmjs.org/swagger/-/swagger-0.7.3.tgz' } ]
48 info install swagger@0.7.3 into /usr/lib
49 info installOne swagger@0.7.3
50 verbose lib/node_modules/swagger unbuild
51 verbose tar unpack /home/roman/.npm/swagger/0.7.3/package.tgz
52 silly lockFile cc7c5491-tar-usr-lib-node-modules-swagger tar:///usr/lib/node_modules/swagger
53 verbose lock tar:///usr/lib/node_modules/swagger /home/roman/.npm/cc7c5491-tar-usr-lib-node-modules-swagger.lock
54 silly lockFile 594a08b4-an-npm-swagger-0-7-3-package-tgz tar:///home/roman/.npm/swagger/0.7.3/package.tgz
55 verbose lock tar:///home/roman/.npm/swagger/0.7.3/package.tgz /home/roman/.npm/594a08b4-an-npm-swagger-0-7-3-package-tgz.lock
56 silly gunzTarPerm modes [ '775', '664' ]
57 error Error: EACCES, mkdir '/usr/lib/node_modules/swagger'
57 error  { [Error: EACCES, mkdir '/usr/lib/node_modules/swagger']
57 error   errno: 3,
57 error   code: 'EACCES',
57 error   path: '/usr/lib/node_modules/swagger',
57 error   fstream_type: 'Directory',
57 error   fstream_path: '/usr/lib/node_modules/swagger',
57 error   fstream_class: 'DirWriter',
57 error   fstream_stack:
57 error    [ '/usr/lib/node_modules/npm/node_modules/fstream/lib/dir-writer.js:36:23',
57 error      '/usr/lib/node_modules/npm/node_modules/mkdirp/index.js:46:53',
57 error      'Object.oncomplete (fs.js:108:15)' ] }
58 error Please try running this command again as root/Administrator.
59 error System Linux 3.13.0-65-generic
60 error command "/usr/bin/node" "/usr/bin/npm" "install" "-g" "swagger"
61 error cwd /home/roman/www/passport
62 error node -v v0.10.37
63 error npm -v 1.4.28
64 error path /usr/lib/node_modules/swagger
65 error fstream_path /usr/lib/node_modules/swagger
66 error fstream_type Directory
67 error fstream_class DirWriter
68 error code EACCES
69 error errno 3
70 error stack Error: EACCES, mkdir '/usr/lib/node_modules/swagger'
71 error fstream_stack /usr/lib/node_modules/npm/node_modules/fstream/lib/dir-writer.js:36:23
71 error fstream_stack /usr/lib/node_modules/npm/node_modules/mkdirp/index.js:46:53
71 error fstream_stack Object.oncomplete (fs.js:108:15)
72 verbose exit [ 3, true ]
